# JRE version: Java(TM) SE Runtime Environment 18.9 (11.0.10+8) (build 11.0.10+8-LTS-162)
# Java VM: Java HotSpot(TM) 64-Bit Server VM 18.9 (11.0.10+8-LTS-162, mixed mode, tiered, compressed oops, g1 gc, windows-amd64)
Heap:
 garbage-first heap   total 328704K, used 158196K [0x0000000080000000, 0x0000000100000000)
  region size 1024K, 100 young (102400K), 13 survivors (13312K)
 Metaspace       used 62251K, capacity 63914K, committed 63996K, reserved 1105920K
  class space    used 7512K, capacity 8053K, committed 8064K, reserved 1048576K
GC Heap History (10 events):
Event: 18.807 GC heap before
{Heap before GC invocations=46 (full 0):
 garbage-first heap   total 328704K, used 257673K [0x0000000080000000, 0x0000000100000000)
  region size 1024K, 192 young (196608K), 7 survivors (7168K)
 Metaspace       used 44455K, capacity 45482K, committed 45564K, reserved 1089536K
  class space    used 5564K, capacity 5935K, committed 6016K, reserved 1048576K
}
Event: 18.810 GC heap after
{Heap after GC invocations=47 (full 0):
 garbage-first heap   total 328704K, used 62192K [0x0000000080000000, 0x0000000100000000)
  region size 1024K, 4 young (4096K), 4 survivors (4096K)
 Metaspace       used 44455K, capacity 45482K, committed 45564K, reserved 1089536K
  class space    used 5564K, capacity 5935K, committed 6016K, reserved 1048576K
}
Event: 19.315 GC heap before
{Heap before GC invocations=47 (full 0):
 garbage-first heap   total 328704K, used 254704K [0x0000000080000000, 0x0000000100000000)
  region size 1024K, 192 young (196608K), 4 survivors (4096K)
 Metaspace       used 44455K, capacity 45482K, committed 45564K, reserved 1089536K
  class space    used 5564K, capacity 5935K, committed 6016K, reserved 1048576K
}
Event: 19.318 GC heap after
{Heap after GC invocations=48 (full 0):
 garbage-first heap   total 328704K, used 64731K [0x0000000080000000, 0x0000000100000000)
  region size 1024K, 6 young (6144K), 6 survivors (6144K)
 Metaspace       used 44455K, capacity 45482K, committed 45564K, reserved 1089536K
  class space    used 5564K, capacity 5935K, committed 6016K, reserved 1048576K
}
Event: 20.628 GC heap before
{Heap before GC invocations=48 (full 0):
 garbage-first heap   total 328704K, used 262363K [0x0000000080000000, 0x0000000100000000)
  region size 1024K, 192 young (196608K), 6 survivors (6144K)
 Metaspace       used 47503K, capacity 48790K, committed 48892K, reserved 1091584K
  class space    used 5825K, capacity 6240K, committed 6272K, reserved 1048576K
}
Event: 20.635 GC heap after
{Heap after GC invocations=49 (full 0):
 garbage-first heap   total 328704K, used 68026K [0x0000000080000000, 0x0000000100000000)
  region size 1024K, 6 young (6144K), 6 survivors (6144K)
 Metaspace       used 47503K, capacity 48790K, committed 48892K, reserved 1091584K
  class space    used 5825K, capacity 6240K, committed 6272K, reserved 1048576K
}
Event: 22.741 GC heap before
{Heap before GC invocations=49 (full 0):
 garbage-first heap   total 328704K, used 164282K [0x0000000080000000, 0x0000000100000000)
  region size 1024K, 101 young (103424K), 6 survivors (6144K)
 Metaspace       used 58228K, capacity 59798K, committed 59940K, reserved 1101824K
  class space    used 7293K, capacity 7836K, committed 7936K, reserved 1048576K
}
Event: 22.753 GC heap after
{Heap after GC invocations=50 (full 0):
 garbage-first heap   total 328704K, used 74353K [0x0000000080000000, 0x0000000100000000)
  region size 1024K, 12 young (12288K), 12 survivors (12288K)
 Metaspace       used 58228K, capacity 59798K, committed 59940K, reserved 1101824K
  class space    used 7293K, capacity 7836K, committed 7936K, reserved 1048576K
}
Event: 51.246 GC heap before
{Heap before GC invocations=51 (full 0):
 garbage-first heap   total 328704K, used 253553K [0x0000000080000000, 0x0000000100000000)
  region size 1024K, 192 young (196608K), 12 survivors (12288K)
 Metaspace       used 62207K, capacity 63783K, committed 63996K, reserved 1105920K
  class space    used 7511K, capacity 8053K, committed 8064K, reserved 1048576K
}
Event: 51.268 GC heap after
{Heap after GC invocations=52 (full 0):
 garbage-first heap   total 328704K, used 71156K [0x0000000080000000, 0x0000000100000000)
  region size 1024K, 13 young (13312K), 13 survivors (13312K)
 Metaspace       used 62207K, capacity 63783K, committed 63996K, reserved 1105920K
  class space    used 7511K, capacity 8053K, committed 8064K, reserved 1048576K
}

